<?xml version="1.0" encoding="UTF-8"?>
<!-- Generated by org.testng.reporters.JUnitReportReporter -->
<testsuite skipped="0" hostname="LAPTOP-E1GESAJV" name="maven_Projects_Pratices.RegisterDemoworkShopUsingMultiDrivenTest" tests="4" failures="0" timestamp="13 Jun 2022 07:00:18 GMT" time="21.695" errors="0">
  <testcase name="TestCase" time="5.330" classname="maven_Projects_Pratices.RegisterDemoworkShopUsingMultiDrivenTest"/>
  <testcase name="TestCase" time="5.092" classname="maven_Projects_Pratices.RegisterDemoworkShopUsingMultiDrivenTest"/>
  <testcase name="TestCase" time="4.964" classname="maven_Projects_Pratices.RegisterDemoworkShopUsingMultiDrivenTest"/>
  <testcase name="TestCase" time="6.309" classname="maven_Projects_Pratices.RegisterDemoworkShopUsingMultiDrivenTest"/>
</testsuite> <!-- maven_Projects_Pratices.RegisterDemoworkShopUsingMultiDrivenTest -->
