<?xml version="1.0" encoding="UTF-8"?>
<!-- Generated by org.testng.reporters.JUnitReportReporter -->
<testsuite skipped="0" hostname="LAPTOP-E1GESAJV" name="maven_Projects_Pratices.LaunchingEndToEndBrowsingTest" tests="1" failures="0" timestamp="13 Jun 2022 04:08:49 GMT" time="4.494" errors="0">
  <testcase name="EndToEndTC" time="4.494" classname="maven_Projects_Pratices.LaunchingEndToEndBrowsingTest"/>
</testsuite> <!-- maven_Projects_Pratices.LaunchingEndToEndBrowsingTest -->
