<?xml version="1.0" encoding="UTF-8"?>
<!-- Generated by org.testng.reporters.JUnitReportReporter -->
<testsuite skipped="0" hostname="LAPTOP-E1GESAJV" name="maven_Projects_Pratices.LaunchingEndToEndBrowsing" tests="1" failures="0" timestamp="12 Jun 2022 04:13:32 GMT" time="7.262" errors="0">
  <testcase name="EndToEndTC" time="7.262" classname="maven_Projects_Pratices.LaunchingEndToEndBrowsing"/>
</testsuite> <!-- maven_Projects_Pratices.LaunchingEndToEndBrowsing -->
