<?xml version="1.0" encoding="UTF-8"?>
<!-- Generated by org.testng.reporters.JUnitReportReporter -->
<testsuite skipped="0" hostname="LAPTOP-E1GESAJV" name="maven_Projects_Pratices.LaunchingBrowserTest" tests="1" failures="0" timestamp="11 Jun 2022 10:42:10 GMT" time="2.941" errors="0">
  <testcase name="TC" time="2.941" classname="maven_Projects_Pratices.LaunchingBrowserTest"/>
</testsuite> <!-- maven_Projects_Pratices.LaunchingBrowserTest -->
