<?xml version="1.0" encoding="UTF-8"?>
<!-- Generated by org.testng.reporters.JUnitReportReporter -->
<testsuite skipped="0" hostname="LAPTOP-E1GESAJV" name="maven_Projects_Pratices.WorkingOnDropdown" tests="1" failures="0" timestamp="12 Jun 2022 05:03:45 GMT" time="5.051" errors="0">
  <testcase name="DropdownClick" time="5.051" classname="maven_Projects_Pratices.WorkingOnDropdown"/>
</testsuite> <!-- maven_Projects_Pratices.WorkingOnDropdown -->
