<?xml version="1.0" encoding="UTF-8"?>
<!-- Generated by org.testng.reporters.JUnitReportReporter -->
<testsuite skipped="0" hostname="LAPTOP-E1GESAJV" name="maven_Projects_Pratices.WishlistProgramTest" tests="1" failures="0" timestamp="13 Jun 2022 04:08:34 GMT" time="4.666" errors="0">
  <testcase name="login" time="4.666" classname="maven_Projects_Pratices.WishlistProgramTest"/>
</testsuite> <!-- maven_Projects_Pratices.WishlistProgramTest -->
